
*** Running vivado
    with args -log SRAM_512x4096.vds -m64 -product Vivado -mode batch -messageDb vivado.pb -notrace -source SRAM_512x4096.tcl


****** Vivado v2018.3 (64-bit)
  **** SW Build 2405991 on Thu Dec  6 23:38:27 MST 2018
  **** IP Build 2404404 on Fri Dec  7 01:43:56 MST 2018
    ** Copyright 1986-2018 Xilinx, Inc. All Rights Reserved.

source SRAM_512x4096.tcl -notrace
Command: synth_design -top SRAM_512x4096 -part xc7s100fgga484-2 -mode out_of_context
Starting synth_design
Attempting to get a license for feature 'Synthesis' and/or device 'xc7s100'
INFO: [Common 17-349] Got license for feature 'Synthesis' and/or device 'xc7s100'
INFO: Launching helper process for spawning children vivado processes
INFO: Helper process launched with PID 6712 
---------------------------------------------------------------------------------
Starting RTL Elaboration : Time (s): cpu = 00:00:06 ; elapsed = 00:00:09 . Memory (MB): peak = 470.805 ; gain = 104.520
---------------------------------------------------------------------------------
INFO: [Synth 8-638] synthesizing module 'SRAM_512x4096' [c:/Users/ECE/Desktop/LSTM_IOT_SEC/softmax/softmax.srcs/sources_1/ip/SRAM_512x4096_2/synth/SRAM_512x4096.vhd:70]
	Parameter C_FAMILY bound to: spartan7 - type: string 
	Parameter C_XDEVICEFAMILY bound to: spartan7 - type: string 
	Parameter C_ELABORATION_DIR bound to: ./ - type: string 
	Parameter C_INTERFACE_TYPE bound to: 0 - type: integer 
	Parameter C_AXI_TYPE bound to: 1 - type: integer 
	Parameter C_AXI_SLAVE_TYPE bound to: 0 - type: integer 
	Parameter C_USE_BRAM_BLOCK bound to: 0 - type: integer 
	Parameter C_ENABLE_32BIT_ADDRESS bound to: 0 - type: integer 
	Parameter C_CTRL_ECC_ALGO bound to: NONE - type: string 
	Parameter C_HAS_AXI_ID bound to: 0 - type: integer 
	Parameter C_AXI_ID_WIDTH bound to: 4 - type: integer 
	Parameter C_MEM_TYPE bound to: 0 - type: integer 
	Parameter C_BYTE_SIZE bound to: 9 - type: integer 
	Parameter C_ALGORITHM bound to: 1 - type: integer 
	Parameter C_PRIM_TYPE bound to: 1 - type: integer 
	Parameter C_LOAD_INIT_FILE bound to: 0 - type: integer 
	Parameter C_INIT_FILE_NAME bound to: no_coe_file_loaded - type: string 
	Parameter C_INIT_FILE bound to: SRAM_512x4096.mem - type: string 
	Parameter C_USE_DEFAULT_DATA bound to: 0 - type: integer 
	Parameter C_DEFAULT_DATA bound to: 0 - type: string 
	Parameter C_HAS_RSTA bound to: 0 - type: integer 
	Parameter C_RST_PRIORITY_A bound to: CE - type: string 
	Parameter C_RSTRAM_A bound to: 0 - type: integer 
	Parameter C_INITA_VAL bound to: 0 - type: string 
	Parameter C_HAS_ENA bound to: 1 - type: integer 
	Parameter C_HAS_REGCEA bound to: 0 - type: integer 
	Parameter C_USE_BYTE_WEA bound to: 0 - type: integer 
	Parameter C_WEA_WIDTH bound to: 1 - type: integer 
	Parameter C_WRITE_MODE_A bound to: WRITE_FIRST - type: string 
	Parameter C_WRITE_WIDTH_A bound to: 512 - type: integer 
	Parameter C_READ_WIDTH_A bound to: 512 - type: integer 
	Parameter C_WRITE_DEPTH_A bound to: 4096 - type: integer 
	Parameter C_READ_DEPTH_A bound to: 4096 - type: integer 
	Parameter C_ADDRA_WIDTH bound to: 12 - type: integer 
	Parameter C_HAS_RSTB bound to: 0 - type: integer 
	Parameter C_RST_PRIORITY_B bound to: CE - type: string 
	Parameter C_RSTRAM_B bound to: 0 - type: integer 
	Parameter C_INITB_VAL bound to: 0 - type: string 
	Parameter C_HAS_ENB bound to: 0 - type: integer 
	Parameter C_HAS_REGCEB bound to: 0 - type: integer 
	Parameter C_USE_BYTE_WEB bound to: 0 - type: integer 
	Parameter C_WEB_WIDTH bound to: 1 - type: integer 
	Parameter C_WRITE_MODE_B bound to: WRITE_FIRST - type: string 
	Parameter C_WRITE_WIDTH_B bound to: 512 - type: integer 
	Parameter C_READ_WIDTH_B bound to: 512 - type: integer 
	Parameter C_WRITE_DEPTH_B bound to: 4096 - type: integer 
	Parameter C_READ_DEPTH_B bound to: 4096 - type: integer 
	Parameter C_ADDRB_WIDTH bound to: 12 - type: integer 
	Parameter C_HAS_MEM_OUTPUT_REGS_A bound to: 0 - type: integer 
	Parameter C_HAS_MEM_OUTPUT_REGS_B bound to: 0 - type: integer 
	Parameter C_HAS_MUX_OUTPUT_REGS_A bound to: 0 - type: integer 
	Parameter C_HAS_MUX_OUTPUT_REGS_B bound to: 0 - type: integer 
	Parameter C_MUX_PIPELINE_STAGES bound to: 0 - type: integer 
	Parameter C_HAS_SOFTECC_INPUT_REGS_A bound to: 0 - type: integer 
	Parameter C_HAS_SOFTECC_OUTPUT_REGS_B bound to: 0 - type: integer 
	Parameter C_USE_SOFTECC bound to: 0 - type: integer 
	Parameter C_USE_ECC bound to: 0 - type: integer 
	Parameter C_EN_ECC_PIPE bound to: 0 - type: integer 
	Parameter C_READ_LATENCY_A bound to: 1 - type: integer 
	Parameter C_READ_LATENCY_B bound to: 1 - type: integer 
	Parameter C_HAS_INJECTERR bound to: 0 - type: integer 
	Parameter C_SIM_COLLISION_CHECK bound to: ALL - type: string 
	Parameter C_COMMON_CLK bound to: 0 - type: integer 
	Parameter C_DISABLE_WARN_BHV_COLL bound to: 0 - type: integer 
	Parameter C_EN_SLEEP_PIN bound to: 0 - type: integer 
	Parameter C_USE_URAM bound to: 0 - type: integer 
	Parameter C_EN_RDADDRA_CHG bound to: 0 - type: integer 
	Parameter C_EN_RDADDRB_CHG bound to: 0 - type: integer 
	Parameter C_EN_DEEPSLEEP_PIN bound to: 0 - type: integer 
	Parameter C_EN_SHUTDOWN_PIN bound to: 0 - type: integer 
	Parameter C_EN_SAFETY_CKT bound to: 0 - type: integer 
	Parameter C_DISABLE_WARN_BHV_RANGE bound to: 0 - type: integer 
	Parameter C_COUNT_36K_BRAM bound to: 57 - type: string 
	Parameter C_COUNT_18K_BRAM bound to: 0 - type: string 
	Parameter C_EST_POWER_SUMMARY bound to: Estimated Power for IP     :     146.058096 mW - type: string 
INFO: [Synth 8-3491] module 'blk_mem_gen_v8_4_2' declared at 'c:/Users/ECE/Desktop/LSTM_IOT_SEC/softmax/softmax.srcs/sources_1/ip/SRAM_512x4096_2/hdl/blk_mem_gen_v8_4_vhsyn_rfs.vhd:195321' bound to instance 'U0' of component 'blk_mem_gen_v8_4_2' [c:/Users/ECE/Desktop/LSTM_IOT_SEC/softmax/softmax.srcs/sources_1/ip/SRAM_512x4096_2/synth/SRAM_512x4096.vhd:236]
INFO: [Synth 8-256] done synthesizing module 'SRAM_512x4096' (9#1) [c:/Users/ECE/Desktop/LSTM_IOT_SEC/softmax/softmax.srcs/sources_1/ip/SRAM_512x4096_2/synth/SRAM_512x4096.vhd:70]
WARNING: [Synth 8-3331] design blk_mem_gen_prim_wrapper__parameterized55 has unconnected port SSRA
WARNING: [Synth 8-3331] design blk_mem_gen_prim_wrapper__parameterized55 has unconnected port CLKB
WARNING: [Synth 8-3331] design blk_mem_gen_prim_wrapper__parameterized55 has unconnected port SSRB
WARNING: [Synth 8-3331] design blk_mem_gen_prim_wrapper__parameterized55 has unconnected port ENB
WARNING: [Synth 8-3331] design blk_mem_gen_prim_wrapper__parameterized55 has unconnected port REGCEB
WARNING: [Synth 8-3331] design blk_mem_gen_prim_wrapper__parameterized55 has unconnected port WEB[0]
WARNING: [Synth 8-3331] design blk_mem_gen_prim_wrapper__parameterized55 has unconnected port ADDRB[11]
WARNING: [Synth 8-3331] design blk_mem_gen_prim_wrapper__parameterized55 has unconnected port ADDRB[10]
WARNING: [Synth 8-3331] design blk_mem_gen_prim_wrapper__parameterized55 has unconnected port ADDRB[9]
WARNING: [Synth 8-3331] design blk_mem_gen_prim_wrapper__parameterized55 has unconnected port ADDRB[8]
WARNING: [Synth 8-3331] design blk_mem_gen_prim_wrapper__parameterized55 has unconnected port ADDRB[7]
WARNING: [Synth 8-3331] design blk_mem_gen_prim_wrapper__parameterized55 has unconnected port ADDRB[6]
WARNING: [Synth 8-3331] design blk_mem_gen_prim_wrapper__parameterized55 has unconnected port ADDRB[5]
WARNING: [Synth 8-3331] design blk_mem_gen_prim_wrapper__parameterized55 has unconnected port ADDRB[4]
WARNING: [Synth 8-3331] design blk_mem_gen_prim_wrapper__parameterized55 has unconnected port ADDRB[3]
WARNING: [Synth 8-3331] design blk_mem_gen_prim_wrapper__parameterized55 has unconnected port ADDRB[2]
WARNING: [Synth 8-3331] design blk_mem_gen_prim_wrapper__parameterized55 has unconnected port ADDRB[1]
WARNING: [Synth 8-3331] design blk_mem_gen_prim_wrapper__parameterized55 has unconnected port ADDRB[0]
WARNING: [Synth 8-3331] design blk_mem_gen_prim_wrapper__parameterized55 has unconnected port DINB[8]
WARNING: [Synth 8-3331] design blk_mem_gen_prim_wrapper__parameterized55 has unconnected port DINB[7]
WARNING: [Synth 8-3331] design blk_mem_gen_prim_wrapper__parameterized55 has unconnected port DINB[6]
WARNING: [Synth 8-3331] design blk_mem_gen_prim_wrapper__parameterized55 has unconnected port DINB[5]
WARNING: [Synth 8-3331] design blk_mem_gen_prim_wrapper__parameterized55 has unconnected port DINB[4]
WARNING: [Synth 8-3331] design blk_mem_gen_prim_wrapper__parameterized55 has unconnected port DINB[3]
WARNING: [Synth 8-3331] design blk_mem_gen_prim_wrapper__parameterized55 has unconnected port DINB[2]
WARNING: [Synth 8-3331] design blk_mem_gen_prim_wrapper__parameterized55 has unconnected port DINB[1]
WARNING: [Synth 8-3331] design blk_mem_gen_prim_wrapper__parameterized55 has unconnected port DINB[0]
WARNING: [Synth 8-3331] design blk_mem_gen_prim_wrapper__parameterized55 has unconnected port SLEEP
WARNING: [Synth 8-3331] design blk_mem_gen_prim_wrapper__parameterized55 has unconnected port INJECTSBITERR
WARNING: [Synth 8-3331] design blk_mem_gen_prim_wrapper__parameterized55 has unconnected port INJECTDBITERR
WARNING: [Synth 8-3331] design blk_mem_gen_prim_wrapper__parameterized55 has unconnected port ECCPIPECE
WARNING: [Synth 8-3331] design blk_mem_gen_prim_wrapper__parameterized55 has unconnected port ram_rstram_b
WARNING: [Synth 8-3331] design blk_mem_gen_prim_wrapper__parameterized55 has unconnected port ram_rstreg_b
WARNING: [Synth 8-3331] design blk_mem_gen_prim_wrapper__parameterized54 has unconnected port SSRA
WARNING: [Synth 8-3331] design blk_mem_gen_prim_wrapper__parameterized54 has unconnected port CLKB
WARNING: [Synth 8-3331] design blk_mem_gen_prim_wrapper__parameterized54 has unconnected port SSRB
WARNING: [Synth 8-3331] design blk_mem_gen_prim_wrapper__parameterized54 has unconnected port ENB
WARNING: [Synth 8-3331] design blk_mem_gen_prim_wrapper__parameterized54 has unconnected port REGCEB
WARNING: [Synth 8-3331] design blk_mem_gen_prim_wrapper__parameterized54 has unconnected port WEB[0]
WARNING: [Synth 8-3331] design blk_mem_gen_prim_wrapper__parameterized54 has unconnected port ADDRB[11]
WARNING: [Synth 8-3331] design blk_mem_gen_prim_wrapper__parameterized54 has unconnected port ADDRB[10]
WARNING: [Synth 8-3331] design blk_mem_gen_prim_wrapper__parameterized54 has unconnected port ADDRB[9]
WARNING: [Synth 8-3331] design blk_mem_gen_prim_wrapper__parameterized54 has unconnected port ADDRB[8]
WARNING: [Synth 8-3331] design blk_mem_gen_prim_wrapper__parameterized54 has unconnected port ADDRB[7]
WARNING: [Synth 8-3331] design blk_mem_gen_prim_wrapper__parameterized54 has unconnected port ADDRB[6]
WARNING: [Synth 8-3331] design blk_mem_gen_prim_wrapper__parameterized54 has unconnected port ADDRB[5]
WARNING: [Synth 8-3331] design blk_mem_gen_prim_wrapper__parameterized54 has unconnected port ADDRB[4]
WARNING: [Synth 8-3331] design blk_mem_gen_prim_wrapper__parameterized54 has unconnected port ADDRB[3]
WARNING: [Synth 8-3331] design blk_mem_gen_prim_wrapper__parameterized54 has unconnected port ADDRB[2]
WARNING: [Synth 8-3331] design blk_mem_gen_prim_wrapper__parameterized54 has unconnected port ADDRB[1]
WARNING: [Synth 8-3331] design blk_mem_gen_prim_wrapper__parameterized54 has unconnected port ADDRB[0]
WARNING: [Synth 8-3331] design blk_mem_gen_prim_wrapper__parameterized54 has unconnected port DINB[8]
WARNING: [Synth 8-3331] design blk_mem_gen_prim_wrapper__parameterized54 has unconnected port DINB[7]
WARNING: [Synth 8-3331] design blk_mem_gen_prim_wrapper__parameterized54 has unconnected port DINB[6]
WARNING: [Synth 8-3331] design blk_mem_gen_prim_wrapper__parameterized54 has unconnected port DINB[5]
WARNING: [Synth 8-3331] design blk_mem_gen_prim_wrapper__parameterized54 has unconnected port DINB[4]
WARNING: [Synth 8-3331] design blk_mem_gen_prim_wrapper__parameterized54 has unconnected port DINB[3]
WARNING: [Synth 8-3331] design blk_mem_gen_prim_wrapper__parameterized54 has unconnected port DINB[2]
WARNING: [Synth 8-3331] design blk_mem_gen_prim_wrapper__parameterized54 has unconnected port DINB[1]
WARNING: [Synth 8-3331] design blk_mem_gen_prim_wrapper__parameterized54 has unconnected port DINB[0]
WARNING: [Synth 8-3331] design blk_mem_gen_prim_wrapper__parameterized54 has unconnected port SLEEP
WARNING: [Synth 8-3331] design blk_mem_gen_prim_wrapper__parameterized54 has unconnected port INJECTSBITERR
WARNING: [Synth 8-3331] design blk_mem_gen_prim_wrapper__parameterized54 has unconnected port INJECTDBITERR
WARNING: [Synth 8-3331] design blk_mem_gen_prim_wrapper__parameterized54 has unconnected port ECCPIPECE
WARNING: [Synth 8-3331] design blk_mem_gen_prim_wrapper__parameterized54 has unconnected port ram_rstram_b
WARNING: [Synth 8-3331] design blk_mem_gen_prim_wrapper__parameterized54 has unconnected port ram_rstreg_b
WARNING: [Synth 8-3331] design blk_mem_gen_prim_wrapper__parameterized53 has unconnected port SSRA
WARNING: [Synth 8-3331] design blk_mem_gen_prim_wrapper__parameterized53 has unconnected port CLKB
WARNING: [Synth 8-3331] design blk_mem_gen_prim_wrapper__parameterized53 has unconnected port SSRB
WARNING: [Synth 8-3331] design blk_mem_gen_prim_wrapper__parameterized53 has unconnected port ENB
WARNING: [Synth 8-3331] design blk_mem_gen_prim_wrapper__parameterized53 has unconnected port REGCEB
WARNING: [Synth 8-3331] design blk_mem_gen_prim_wrapper__parameterized53 has unconnected port WEB[0]
WARNING: [Synth 8-3331] design blk_mem_gen_prim_wrapper__parameterized53 has unconnected port ADDRB[11]
WARNING: [Synth 8-3331] design blk_mem_gen_prim_wrapper__parameterized53 has unconnected port ADDRB[10]
WARNING: [Synth 8-3331] design blk_mem_gen_prim_wrapper__parameterized53 has unconnected port ADDRB[9]
WARNING: [Synth 8-3331] design blk_mem_gen_prim_wrapper__parameterized53 has unconnected port ADDRB[8]
WARNING: [Synth 8-3331] design blk_mem_gen_prim_wrapper__parameterized53 has unconnected port ADDRB[7]
WARNING: [Synth 8-3331] design blk_mem_gen_prim_wrapper__parameterized53 has unconnected port ADDRB[6]
WARNING: [Synth 8-3331] design blk_mem_gen_prim_wrapper__parameterized53 has unconnected port ADDRB[5]
WARNING: [Synth 8-3331] design blk_mem_gen_prim_wrapper__parameterized53 has unconnected port ADDRB[4]
WARNING: [Synth 8-3331] design blk_mem_gen_prim_wrapper__parameterized53 has unconnected port ADDRB[3]
WARNING: [Synth 8-3331] design blk_mem_gen_prim_wrapper__parameterized53 has unconnected port ADDRB[2]
WARNING: [Synth 8-3331] design blk_mem_gen_prim_wrapper__parameterized53 has unconnected port ADDRB[1]
WARNING: [Synth 8-3331] design blk_mem_gen_prim_wrapper__parameterized53 has unconnected port ADDRB[0]
WARNING: [Synth 8-3331] design blk_mem_gen_prim_wrapper__parameterized53 has unconnected port DINB[8]
WARNING: [Synth 8-3331] design blk_mem_gen_prim_wrapper__parameterized53 has unconnected port DINB[7]
WARNING: [Synth 8-3331] design blk_mem_gen_prim_wrapper__parameterized53 has unconnected port DINB[6]
WARNING: [Synth 8-3331] design blk_mem_gen_prim_wrapper__parameterized53 has unconnected port DINB[5]
WARNING: [Synth 8-3331] design blk_mem_gen_prim_wrapper__parameterized53 has unconnected port DINB[4]
WARNING: [Synth 8-3331] design blk_mem_gen_prim_wrapper__parameterized53 has unconnected port DINB[3]
WARNING: [Synth 8-3331] design blk_mem_gen_prim_wrapper__parameterized53 has unconnected port DINB[2]
WARNING: [Synth 8-3331] design blk_mem_gen_prim_wrapper__parameterized53 has unconnected port DINB[1]
WARNING: [Synth 8-3331] design blk_mem_gen_prim_wrapper__parameterized53 has unconnected port DINB[0]
WARNING: [Synth 8-3331] design blk_mem_gen_prim_wrapper__parameterized53 has unconnected port SLEEP
WARNING: [Synth 8-3331] design blk_mem_gen_prim_wrapper__parameterized53 has unconnected port INJECTSBITERR
WARNING: [Synth 8-3331] design blk_mem_gen_prim_wrapper__parameterized53 has unconnected port INJECTDBITERR
WARNING: [Synth 8-3331] design blk_mem_gen_prim_wrapper__parameterized53 has unconnected port ECCPIPECE
WARNING: [Synth 8-3331] design blk_mem_gen_prim_wrapper__parameterized53 has unconnected port ram_rstram_b
WARNING: [Synth 8-3331] design blk_mem_gen_prim_wrapper__parameterized53 has unconnected port ram_rstreg_b
WARNING: [Synth 8-3331] design blk_mem_gen_prim_wrapper__parameterized52 has unconnected port SSRA
INFO: [Common 17-14] Message 'Synth 8-3331' appears 100 times and further instances of the messages will be disabled. Use the Tcl command set_msg_config to change the current settings.
---------------------------------------------------------------------------------
Finished RTL Elaboration : Time (s): cpu = 00:02:22 ; elapsed = 00:02:41 . Memory (MB): peak = 751.664 ; gain = 385.379
---------------------------------------------------------------------------------

Report Check Netlist: 
+------+------------------+-------+---------+-------+------------------+
|      |Item              |Errors |Warnings |Status |Description       |
+------+------------------+-------+---------+-------+------------------+
|1     |multi_driven_nets |      0|        0|Passed |Multi driven nets |
+------+------------------+-------+---------+-------+------------------+
---------------------------------------------------------------------------------
Start Handling Custom Attributes
---------------------------------------------------------------------------------
---------------------------------------------------------------------------------
Finished Handling Custom Attributes : Time (s): cpu = 00:02:23 ; elapsed = 00:02:41 . Memory (MB): peak = 751.664 ; gain = 385.379
---------------------------------------------------------------------------------
---------------------------------------------------------------------------------
Finished RTL Optimization Phase 1 : Time (s): cpu = 00:02:23 ; elapsed = 00:02:41 . Memory (MB): peak = 751.664 ; gain = 385.379
---------------------------------------------------------------------------------
INFO: [Netlist 29-17] Analyzing 57 Unisim elements for replacement
INFO: [Netlist 29-28] Unisim Transformation completed in 0 CPU seconds
INFO: [Device 21-403] Loading part xc7s100fgga484-2
INFO: [Project 1-570] Preparing netlist for logic optimization

Processing XDC Constraints
Initializing timing engine
Parsing XDC File [c:/Users/ECE/Desktop/LSTM_IOT_SEC/softmax/softmax.srcs/sources_1/ip/SRAM_512x4096_2/SRAM_512x4096_ooc.xdc] for cell 'U0'
Finished Parsing XDC File [c:/Users/ECE/Desktop/LSTM_IOT_SEC/softmax/softmax.srcs/sources_1/ip/SRAM_512x4096_2/SRAM_512x4096_ooc.xdc] for cell 'U0'
Parsing XDC File [C:/Users/ECE/Desktop/LSTM_IOT_SEC/softmax/softmax.runs/SRAM_512x4096_synth_1/dont_touch.xdc]
Finished Parsing XDC File [C:/Users/ECE/Desktop/LSTM_IOT_SEC/softmax/softmax.runs/SRAM_512x4096_synth_1/dont_touch.xdc]
Completed Processing XDC Constraints

Netlist sorting complete. Time (s): cpu = 00:00:00 ; elapsed = 00:00:00.001 . Memory (MB): peak = 906.418 ; gain = 0.000
INFO: [Project 1-111] Unisim Transformation Summary:
No Unisim elements were transformed.

Netlist sorting complete. Time (s): cpu = 00:00:00 ; elapsed = 00:00:00.001 . Memory (MB): peak = 906.418 ; gain = 0.000
Constraint Validation Runtime : Time (s): cpu = 00:00:00 ; elapsed = 00:00:00.079 . Memory (MB): peak = 907.922 ; gain = 1.504
---------------------------------------------------------------------------------
Finished Constraint Validation : Time (s): cpu = 00:02:34 ; elapsed = 00:02:54 . Memory (MB): peak = 907.922 ; gain = 541.637
---------------------------------------------------------------------------------
---------------------------------------------------------------------------------
Start Loading Part and Timing Information
---------------------------------------------------------------------------------
Loading part: xc7s100fgga484-2
---------------------------------------------------------------------------------
Finished Loading Part and Timing Information : Time (s): cpu = 00:02:34 ; elapsed = 00:02:54 . Memory (MB): peak = 907.922 ; gain = 541.637
---------------------------------------------------------------------------------
---------------------------------------------------------------------------------
Start Applying 'set_property' XDC Constraints
---------------------------------------------------------------------------------
Applied set_property DONT_TOUCH = true for U0. (constraint file  C:/Users/ECE/Desktop/LSTM_IOT_SEC/softmax/softmax.runs/SRAM_512x4096_synth_1/dont_touch.xdc, line 9).
---------------------------------------------------------------------------------
Finished applying 'set_property' XDC Constraints : Time (s): cpu = 00:02:34 ; elapsed = 00:02:54 . Memory (MB): peak = 907.922 ; gain = 541.637
---------------------------------------------------------------------------------
---------------------------------------------------------------------------------
Finished RTL Optimization Phase 2 : Time (s): cpu = 00:02:35 ; elapsed = 00:02:56 . Memory (MB): peak = 907.922 ; gain = 541.637
---------------------------------------------------------------------------------

Report RTL Partitions: 
+-+--------------+------------+----------+
| |RTL Partition |Replication |Instances |
+-+--------------+------------+----------+
+-+--------------+------------+----------+
---------------------------------------------------------------------------------
Start RTL Component Statistics 
---------------------------------------------------------------------------------
Detailed RTL Component Info : 
---------------------------------------------------------------------------------
Finished RTL Component Statistics 
---------------------------------------------------------------------------------
---------------------------------------------------------------------------------
Start RTL Hierarchical Component Statistics 
---------------------------------------------------------------------------------
Hierarchical RTL Component report 
---------------------------------------------------------------------------------
Finished RTL Hierarchical Component Statistics
---------------------------------------------------------------------------------
---------------------------------------------------------------------------------
Start Part Resource Summary
---------------------------------------------------------------------------------
Part Resources:
DSPs: 160 (col length:80)
BRAMs: 240 (col length: RAMB18 80 RAMB36 40)
---------------------------------------------------------------------------------
Finished Part Resource Summary
---------------------------------------------------------------------------------
---------------------------------------------------------------------------------
Start Cross Boundary and Area Optimization
---------------------------------------------------------------------------------
Warning: Parallel synthesis criteria is not met 
---------------------------------------------------------------------------------
Finished Cross Boundary and Area Optimization : Time (s): cpu = 00:02:36 ; elapsed = 00:02:57 . Memory (MB): peak = 907.922 ; gain = 541.637
---------------------------------------------------------------------------------

Report RTL Partitions: 
+-+--------------+------------+----------+
| |RTL Partition |Replication |Instances |
+-+--------------+------------+----------+
+-+--------------+------------+----------+
---------------------------------------------------------------------------------
Start Applying XDC Timing Constraints
---------------------------------------------------------------------------------
---------------------------------------------------------------------------------
Finished Applying XDC Timing Constraints : Time (s): cpu = 00:02:46 ; elapsed = 00:03:07 . Memory (MB): peak = 907.922 ; gain = 541.637
---------------------------------------------------------------------------------
---------------------------------------------------------------------------------
Start Timing Optimization
---------------------------------------------------------------------------------
---------------------------------------------------------------------------------
Finished Timing Optimization : Time (s): cpu = 00:02:46 ; elapsed = 00:03:07 . Memory (MB): peak = 907.922 ; gain = 541.637
---------------------------------------------------------------------------------

Report RTL Partitions: 
+-+--------------+------------+----------+
| |RTL Partition |Replication |Instances |
+-+--------------+------------+----------+
+-+--------------+------------+----------+
---------------------------------------------------------------------------------
Start Technology Mapping
---------------------------------------------------------------------------------
---------------------------------------------------------------------------------
Finished Technology Mapping : Time (s): cpu = 00:02:46 ; elapsed = 00:03:07 . Memory (MB): peak = 907.922 ; gain = 541.637
---------------------------------------------------------------------------------

Report RTL Partitions: 
+-+--------------+------------+----------+
| |RTL Partition |Replication |Instances |
+-+--------------+------------+----------+
+-+--------------+------------+----------+
---------------------------------------------------------------------------------
Start IO Insertion
---------------------------------------------------------------------------------
---------------------------------------------------------------------------------
Start Flattening Before IO Insertion
---------------------------------------------------------------------------------
---------------------------------------------------------------------------------
Finished Flattening Before IO Insertion
---------------------------------------------------------------------------------
---------------------------------------------------------------------------------
Start Final Netlist Cleanup
---------------------------------------------------------------------------------
---------------------------------------------------------------------------------
Finished Final Netlist Cleanup
---------------------------------------------------------------------------------
---------------------------------------------------------------------------------
Finished IO Insertion : Time (s): cpu = 00:02:47 ; elapsed = 00:03:08 . Memory (MB): peak = 907.922 ; gain = 541.637
---------------------------------------------------------------------------------

Report Check Netlist: 
+------+------------------+-------+---------+-------+------------------+
|      |Item              |Errors |Warnings |Status |Description       |
+------+------------------+-------+---------+-------+------------------+
|1     |multi_driven_nets |      0|        0|Passed |Multi driven nets |
+------+------------------+-------+---------+-------+------------------+
---------------------------------------------------------------------------------
Start Renaming Generated Instances
---------------------------------------------------------------------------------
---------------------------------------------------------------------------------
Finished Renaming Generated Instances : Time (s): cpu = 00:02:47 ; elapsed = 00:03:08 . Memory (MB): peak = 907.922 ; gain = 541.637
---------------------------------------------------------------------------------

Report RTL Partitions: 
+-+--------------+------------+----------+
| |RTL Partition |Replication |Instances |
+-+--------------+------------+----------+
+-+--------------+------------+----------+
---------------------------------------------------------------------------------
Start Rebuilding User Hierarchy
---------------------------------------------------------------------------------
---------------------------------------------------------------------------------
Finished Rebuilding User Hierarchy : Time (s): cpu = 00:02:47 ; elapsed = 00:03:09 . Memory (MB): peak = 907.922 ; gain = 541.637
---------------------------------------------------------------------------------
---------------------------------------------------------------------------------
Start Renaming Generated Ports
---------------------------------------------------------------------------------
---------------------------------------------------------------------------------
Finished Renaming Generated Ports : Time (s): cpu = 00:02:47 ; elapsed = 00:03:09 . Memory (MB): peak = 907.922 ; gain = 541.637
---------------------------------------------------------------------------------
---------------------------------------------------------------------------------
Start Handling Custom Attributes
---------------------------------------------------------------------------------
---------------------------------------------------------------------------------
Finished Handling Custom Attributes : Time (s): cpu = 00:02:47 ; elapsed = 00:03:09 . Memory (MB): peak = 907.922 ; gain = 541.637
---------------------------------------------------------------------------------
---------------------------------------------------------------------------------
Start Renaming Generated Nets
---------------------------------------------------------------------------------
---------------------------------------------------------------------------------
Finished Renaming Generated Nets : Time (s): cpu = 00:02:47 ; elapsed = 00:03:09 . Memory (MB): peak = 907.922 ; gain = 541.637
---------------------------------------------------------------------------------
---------------------------------------------------------------------------------
Start Writing Synthesis Report
---------------------------------------------------------------------------------

Report BlackBoxes: 
+-+--------------+----------+
| |BlackBox name |Instances |
+-+--------------+----------+
+-+--------------+----------+

Report Cell Usage: 
+------+---------+------+
|      |Cell     |Count |
+------+---------+------+
|1     |RAMB36E1 |    57|
+------+---------+------+

Report Instance Areas: 
+------+---------------------------------------------+------------------------------------------+------+
|      |Instance                                     |Module                                    |Cells |
+------+---------------------------------------------+------------------------------------------+------+
|1     |top                                          |                                          |    57|
|2     |  U0                                         |blk_mem_gen_v8_4_2                        |    57|
|3     |    inst_blk_mem_gen                         |blk_mem_gen_v8_4_2_synth                  |    57|
|4     |      \gnbram.gnativebmg.native_blk_mem_gen  |blk_mem_gen_top                           |    57|
|5     |        \valid.cstr                          |blk_mem_gen_generic_cstr                  |    57|
|6     |          \ramloop[0].ram.r                  |blk_mem_gen_prim_width                    |     1|
|7     |            \prim_noinit.ram                 |blk_mem_gen_prim_wrapper                  |     1|
|8     |          \ramloop[10].ram.r                 |blk_mem_gen_prim_width__parameterized9    |     1|
|9     |            \prim_noinit.ram                 |blk_mem_gen_prim_wrapper__parameterized9  |     1|
|10    |          \ramloop[11].ram.r                 |blk_mem_gen_prim_width__parameterized10   |     1|
|11    |            \prim_noinit.ram                 |blk_mem_gen_prim_wrapper__parameterized10 |     1|
|12    |          \ramloop[12].ram.r                 |blk_mem_gen_prim_width__parameterized11   |     1|
|13    |            \prim_noinit.ram                 |blk_mem_gen_prim_wrapper__parameterized11 |     1|
|14    |          \ramloop[13].ram.r                 |blk_mem_gen_prim_width__parameterized12   |     1|
|15    |            \prim_noinit.ram                 |blk_mem_gen_prim_wrapper__parameterized12 |     1|
|16    |          \ramloop[14].ram.r                 |blk_mem_gen_prim_width__parameterized13   |     1|
|17    |            \prim_noinit.ram                 |blk_mem_gen_prim_wrapper__parameterized13 |     1|
|18    |          \ramloop[15].ram.r                 |blk_mem_gen_prim_width__parameterized14   |     1|
|19    |            \prim_noinit.ram                 |blk_mem_gen_prim_wrapper__parameterized14 |     1|
|20    |          \ramloop[16].ram.r                 |blk_mem_gen_prim_width__parameterized15   |     1|
|21    |            \prim_noinit.ram                 |blk_mem_gen_prim_wrapper__parameterized15 |     1|
|22    |          \ramloop[17].ram.r                 |blk_mem_gen_prim_width__parameterized16   |     1|
|23    |            \prim_noinit.ram                 |blk_mem_gen_prim_wrapper__parameterized16 |     1|
|24    |          \ramloop[18].ram.r                 |blk_mem_gen_prim_width__parameterized17   |     1|
|25    |            \prim_noinit.ram                 |blk_mem_gen_prim_wrapper__parameterized17 |     1|
|26    |          \ramloop[19].ram.r                 |blk_mem_gen_prim_width__parameterized18   |     1|
|27    |            \prim_noinit.ram                 |blk_mem_gen_prim_wrapper__parameterized18 |     1|
|28    |          \ramloop[1].ram.r                  |blk_mem_gen_prim_width__parameterized0    |     1|
|29    |            \prim_noinit.ram                 |blk_mem_gen_prim_wrapper__parameterized0  |     1|
|30    |          \ramloop[20].ram.r                 |blk_mem_gen_prim_width__parameterized19   |     1|
|31    |            \prim_noinit.ram                 |blk_mem_gen_prim_wrapper__parameterized19 |     1|
|32    |          \ramloop[21].ram.r                 |blk_mem_gen_prim_width__parameterized20   |     1|
|33    |            \prim_noinit.ram                 |blk_mem_gen_prim_wrapper__parameterized20 |     1|
|34    |          \ramloop[22].ram.r                 |blk_mem_gen_prim_width__parameterized21   |     1|
|35    |            \prim_noinit.ram                 |blk_mem_gen_prim_wrapper__parameterized21 |     1|
|36    |          \ramloop[23].ram.r                 |blk_mem_gen_prim_width__parameterized22   |     1|
|37    |            \prim_noinit.ram                 |blk_mem_gen_prim_wrapper__parameterized22 |     1|
|38    |          \ramloop[24].ram.r                 |blk_mem_gen_prim_width__parameterized23   |     1|
|39    |            \prim_noinit.ram                 |blk_mem_gen_prim_wrapper__parameterized23 |     1|
|40    |          \ramloop[25].ram.r                 |blk_mem_gen_prim_width__parameterized24   |     1|
|41    |            \prim_noinit.ram                 |blk_mem_gen_prim_wrapper__parameterized24 |     1|
|42    |          \ramloop[26].ram.r                 |blk_mem_gen_prim_width__parameterized25   |     1|
|43    |            \prim_noinit.ram                 |blk_mem_gen_prim_wrapper__parameterized25 |     1|
|44    |          \ramloop[27].ram.r                 |blk_mem_gen_prim_width__parameterized26   |     1|
|45    |            \prim_noinit.ram                 |blk_mem_gen_prim_wrapper__parameterized26 |     1|
|46    |          \ramloop[28].ram.r                 |blk_mem_gen_prim_width__parameterized27   |     1|
|47    |            \prim_noinit.ram                 |blk_mem_gen_prim_wrapper__parameterized27 |     1|
|48    |          \ramloop[29].ram.r                 |blk_mem_gen_prim_width__parameterized28   |     1|
|49    |            \prim_noinit.ram                 |blk_mem_gen_prim_wrapper__parameterized28 |     1|
|50    |          \ramloop[2].ram.r                  |blk_mem_gen_prim_width__parameterized1    |     1|
|51    |            \prim_noinit.ram                 |blk_mem_gen_prim_wrapper__parameterized1  |     1|
|52    |          \ramloop[30].ram.r                 |blk_mem_gen_prim_width__parameterized29   |     1|
|53    |            \prim_noinit.ram                 |blk_mem_gen_prim_wrapper__parameterized29 |     1|
|54    |          \ramloop[31].ram.r                 |blk_mem_gen_prim_width__parameterized30   |     1|
|55    |            \prim_noinit.ram                 |blk_mem_gen_prim_wrapper__parameterized30 |     1|
|56    |          \ramloop[32].ram.r                 |blk_mem_gen_prim_width__parameterized31   |     1|
|57    |            \prim_noinit.ram                 |blk_mem_gen_prim_wrapper__parameterized31 |     1|
|58    |          \ramloop[33].ram.r                 |blk_mem_gen_prim_width__parameterized32   |     1|
|59    |            \prim_noinit.ram                 |blk_mem_gen_prim_wrapper__parameterized32 |     1|
|60    |          \ramloop[34].ram.r                 |blk_mem_gen_prim_width__parameterized33   |     1|
|61    |            \prim_noinit.ram                 |blk_mem_gen_prim_wrapper__parameterized33 |     1|
|62    |          \ramloop[35].ram.r                 |blk_mem_gen_prim_width__parameterized34   |     1|
|63    |            \prim_noinit.ram                 |blk_mem_gen_prim_wrapper__parameterized34 |     1|
|64    |          \ramloop[36].ram.r                 |blk_mem_gen_prim_width__parameterized35   |     1|
|65    |            \prim_noinit.ram                 |blk_mem_gen_prim_wrapper__parameterized35 |     1|
|66    |          \ramloop[37].ram.r                 |blk_mem_gen_prim_width__parameterized36   |     1|
|67    |            \prim_noinit.ram                 |blk_mem_gen_prim_wrapper__parameterized36 |     1|
|68    |          \ramloop[38].ram.r                 |blk_mem_gen_prim_width__parameterized37   |     1|
|69    |            \prim_noinit.ram                 |blk_mem_gen_prim_wrapper__parameterized37 |     1|
|70    |          \ramloop[39].ram.r                 |blk_mem_gen_prim_width__parameterized38   |     1|
|71    |            \prim_noinit.ram                 |blk_mem_gen_prim_wrapper__parameterized38 |     1|
|72    |          \ramloop[3].ram.r                  |blk_mem_gen_prim_width__parameterized2    |     1|
|73    |            \prim_noinit.ram                 |blk_mem_gen_prim_wrapper__parameterized2  |     1|
|74    |          \ramloop[40].ram.r                 |blk_mem_gen_prim_width__parameterized39   |     1|
|75    |            \prim_noinit.ram                 |blk_mem_gen_prim_wrapper__parameterized39 |     1|
|76    |          \ramloop[41].ram.r                 |blk_mem_gen_prim_width__parameterized40   |     1|
|77    |            \prim_noinit.ram                 |blk_mem_gen_prim_wrapper__parameterized40 |     1|
|78    |          \ramloop[42].ram.r                 |blk_mem_gen_prim_width__parameterized41   |     1|
|79    |            \prim_noinit.ram                 |blk_mem_gen_prim_wrapper__parameterized41 |     1|
|80    |          \ramloop[43].ram.r                 |blk_mem_gen_prim_width__parameterized42   |     1|
|81    |            \prim_noinit.ram                 |blk_mem_gen_prim_wrapper__parameterized42 |     1|
|82    |          \ramloop[44].ram.r                 |blk_mem_gen_prim_width__parameterized43   |     1|
|83    |            \prim_noinit.ram                 |blk_mem_gen_prim_wrapper__parameterized43 |     1|
|84    |          \ramloop[45].ram.r                 |blk_mem_gen_prim_width__parameterized44   |     1|
|85    |            \prim_noinit.ram                 |blk_mem_gen_prim_wrapper__parameterized44 |     1|
|86    |          \ramloop[46].ram.r                 |blk_mem_gen_prim_width__parameterized45   |     1|
|87    |            \prim_noinit.ram                 |blk_mem_gen_prim_wrapper__parameterized45 |     1|
|88    |          \ramloop[47].ram.r                 |blk_mem_gen_prim_width__parameterized46   |     1|
|89    |            \prim_noinit.ram                 |blk_mem_gen_prim_wrapper__parameterized46 |     1|
|90    |          \ramloop[48].ram.r                 |blk_mem_gen_prim_width__parameterized47   |     1|
|91    |            \prim_noinit.ram                 |blk_mem_gen_prim_wrapper__parameterized47 |     1|
|92    |          \ramloop[49].ram.r                 |blk_mem_gen_prim_width__parameterized48   |     1|
|93    |            \prim_noinit.ram                 |blk_mem_gen_prim_wrapper__parameterized48 |     1|
|94    |          \ramloop[4].ram.r                  |blk_mem_gen_prim_width__parameterized3    |     1|
|95    |            \prim_noinit.ram                 |blk_mem_gen_prim_wrapper__parameterized3  |     1|
|96    |          \ramloop[50].ram.r                 |blk_mem_gen_prim_width__parameterized49   |     1|
|97    |            \prim_noinit.ram                 |blk_mem_gen_prim_wrapper__parameterized49 |     1|
|98    |          \ramloop[51].ram.r                 |blk_mem_gen_prim_width__parameterized50   |     1|
|99    |            \prim_noinit.ram                 |blk_mem_gen_prim_wrapper__parameterized50 |     1|
|100   |          \ramloop[52].ram.r                 |blk_mem_gen_prim_width__parameterized51   |     1|
|101   |            \prim_noinit.ram                 |blk_mem_gen_prim_wrapper__parameterized51 |     1|
|102   |          \ramloop[53].ram.r                 |blk_mem_gen_prim_width__parameterized52   |     1|
|103   |            \prim_noinit.ram                 |blk_mem_gen_prim_wrapper__parameterized52 |     1|
|104   |          \ramloop[54].ram.r                 |blk_mem_gen_prim_width__parameterized53   |     1|
|105   |            \prim_noinit.ram                 |blk_mem_gen_prim_wrapper__parameterized53 |     1|
|106   |          \ramloop[55].ram.r                 |blk_mem_gen_prim_width__parameterized54   |     1|
|107   |            \prim_noinit.ram                 |blk_mem_gen_prim_wrapper__parameterized54 |     1|
|108   |          \ramloop[56].ram.r                 |blk_mem_gen_prim_width__parameterized55   |     1|
|109   |            \prim_noinit.ram                 |blk_mem_gen_prim_wrapper__parameterized55 |     1|
|110   |          \ramloop[5].ram.r                  |blk_mem_gen_prim_width__parameterized4    |     1|
|111   |            \prim_noinit.ram                 |blk_mem_gen_prim_wrapper__parameterized4  |     1|
|112   |          \ramloop[6].ram.r                  |blk_mem_gen_prim_width__parameterized5    |     1|
|113   |            \prim_noinit.ram                 |blk_mem_gen_prim_wrapper__parameterized5  |     1|
|114   |          \ramloop[7].ram.r                  |blk_mem_gen_prim_width__parameterized6    |     1|
|115   |            \prim_noinit.ram                 |blk_mem_gen_prim_wrapper__parameterized6  |     1|
|116   |          \ramloop[8].ram.r                  |blk_mem_gen_prim_width__parameterized7    |     1|
|117   |            \prim_noinit.ram                 |blk_mem_gen_prim_wrapper__parameterized7  |     1|
|118   |          \ramloop[9].ram.r                  |blk_mem_gen_prim_width__parameterized8    |     1|
|119   |            \prim_noinit.ram                 |blk_mem_gen_prim_wrapper__parameterized8  |     1|
+------+---------------------------------------------+------------------------------------------+------+
---------------------------------------------------------------------------------
Finished Writing Synthesis Report : Time (s): cpu = 00:02:47 ; elapsed = 00:03:09 . Memory (MB): peak = 907.922 ; gain = 541.637
---------------------------------------------------------------------------------
Synthesis finished with 0 errors, 0 critical warnings and 1158 warnings.
Synthesis Optimization Runtime : Time (s): cpu = 00:00:16 ; elapsed = 00:02:59 . Memory (MB): peak = 907.922 ; gain = 385.379
Synthesis Optimization Complete : Time (s): cpu = 00:02:47 ; elapsed = 00:03:09 . Memory (MB): peak = 907.922 ; gain = 541.637
INFO: [Project 1-571] Translating synthesized netlist
INFO: [Netlist 29-17] Analyzing 57 Unisim elements for replacement
INFO: [Netlist 29-28] Unisim Transformation completed in 0 CPU seconds
INFO: [Project 1-570] Preparing netlist for logic optimization
INFO: [Opt 31-138] Pushed 0 inverter(s) to 0 load pin(s).
Netlist sorting complete. Time (s): cpu = 00:00:00 ; elapsed = 00:00:00.001 . Memory (MB): peak = 907.922 ; gain = 0.000
INFO: [Project 1-111] Unisim Transformation Summary:
No Unisim elements were transformed.

INFO: [Common 17-83] Releasing license: Synthesis
17 Infos, 100 Warnings, 0 Critical Warnings and 0 Errors encountered.
synth_design completed successfully
synth_design: Time (s): cpu = 00:02:50 ; elapsed = 00:03:12 . Memory (MB): peak = 907.922 ; gain = 553.668
Netlist sorting complete. Time (s): cpu = 00:00:00 ; elapsed = 00:00:00.001 . Memory (MB): peak = 907.922 ; gain = 0.000
WARNING: [Constraints 18-5210] No constraints selected for write.
Resolution: This message can indicate that there are no constraints for the design, or it can indicate that the used_in flags are set such that the constraints are ignored. This later case is used when running synth_design to not write synthesis constraints to the resulting checkpoint. Instead, project constraints are read when the synthesized design is opened.
INFO: [Common 17-1381] The checkpoint 'C:/Users/ECE/Desktop/LSTM_IOT_SEC/softmax/softmax.runs/SRAM_512x4096_synth_1/SRAM_512x4096.dcp' has been generated.
INFO: [Coretcl 2-1648] Added synthesis output to IP cache for IP SRAM_512x4096, cache-ID = 7fd7b217d79c2491
INFO: [Coretcl 2-1174] Renamed 118 cell refs.
Netlist sorting complete. Time (s): cpu = 00:00:00 ; elapsed = 00:00:00.002 . Memory (MB): peak = 907.922 ; gain = 0.000
WARNING: [Constraints 18-5210] No constraints selected for write.
Resolution: This message can indicate that there are no constraints for the design, or it can indicate that the used_in flags are set such that the constraints are ignored. This later case is used when running synth_design to not write synthesis constraints to the resulting checkpoint. Instead, project constraints are read when the synthesized design is opened.
INFO: [Common 17-1381] The checkpoint 'C:/Users/ECE/Desktop/LSTM_IOT_SEC/softmax/softmax.runs/SRAM_512x4096_synth_1/SRAM_512x4096.dcp' has been generated.
INFO: [runtcl-4] Executing : report_utilization -file SRAM_512x4096_utilization_synth.rpt -pb SRAM_512x4096_utilization_synth.pb
INFO: [Common 17-206] Exiting Vivado at Wed May 15 20:09:29 2019...
