Vivado Simulator 2018.3
Copyright 1986-1999, 2001-2018 Xilinx, Inc. All Rights Reserved.
Running: C:/Xilinx/Vivado/2018.3/bin/unwrapped/win64.o/xelab.exe -wto 94fb33c9514f4a1b864ca541008e68a6 --incr --debug typical --relax --mt 2 -L xil_defaultlib -L unisims_ver -L unimacro_ver -L secureip --snapshot lstm_tb_ctxt_convert_behav xil_defaultlib.lstm_tb_ctxt_convert xil_defaultlib.glbl -log elaborate.log 
Using 2 slave threads.
Starting static elaboration
Completed static elaboration
Starting simulation data flow analysis
WARNING: [XSIM 43-4099] "C:/Users/ECE/Desktop/LSTM_IOT_SEC/src/verilog/SRAM_128x2048.v" Line 5. Module SRAM_128x2048 doesn't have a timescale but at least one module in design has a timescale.
WARNING: [XSIM 43-4099] "C:/Users/ECE/Desktop/LSTM_IOT_SEC/src/verilog/SRAM_128x2048.v" Line 5. Module SRAM_128x2048 doesn't have a timescale but at least one module in design has a timescale.
WARNING: [XSIM 43-4099] "C:/Users/ECE/Desktop/LSTM_IOT_SEC/src/verilog/SRAM_32x512.v" Line 5. Module SRAM_32x512 doesn't have a timescale but at least one module in design has a timescale.
WARNING: [XSIM 43-4099] "C:/Users/ECE/Desktop/LSTM_IOT_SEC/src/verilog/SRAM_512x128.v" Line 5. Module SRAM_512x128 doesn't have a timescale but at least one module in design has a timescale.
WARNING: [XSIM 43-4099] "C:/Users/ECE/Desktop/LSTM_IOT_SEC/src/verilog/SRAM_512x128.v" Line 5. Module SRAM_512x128 doesn't have a timescale but at least one module in design has a timescale.
WARNING: [XSIM 43-4099] "C:/Users/ECE/Desktop/LSTM_IOT_SEC/src/verilog/SRAM_512x128.v" Line 5. Module SRAM_512x128 doesn't have a timescale but at least one module in design has a timescale.
WARNING: [XSIM 43-4099] "C:/Users/ECE/Desktop/LSTM_IOT_SEC/src/verilog/SRAM_512x128.v" Line 5. Module SRAM_512x128 doesn't have a timescale but at least one module in design has a timescale.
Completed simulation data flow analysis
Time Resolution for simulation is 1ps
Compiling module xil_defaultlib.inpdt_16_mid
Compiling module xil_defaultlib.SRAM_128x2048
Compiling module xil_defaultlib.SRAM_32x512
Compiling module xil_defaultlib.SRAM_512x128
Compiling module xil_defaultlib.sigmoid_LUT
Compiling module xil_defaultlib.tanh_LUT
Compiling module xil_defaultlib.LSTM_default
Compiling module xil_defaultlib.weight_memory
Compiling module xil_defaultlib.bias_memory
Compiling module xil_defaultlib.br_weight_memory
Compiling module xil_defaultlib.br_bias_memory
Compiling module xil_defaultlib.input_data_memory
Compiling module xil_defaultlib.output_memory
Compiling module xil_defaultlib.br_input_data_memory
Compiling module xil_defaultlib.br_output_memory
Compiling module xil_defaultlib.lstm_tb_ctxt_convert
Compiling module xil_defaultlib.glbl
Built simulation snapshot lstm_tb_ctxt_convert_behav
