Vivado Simulator 2018.3
Time resolution is 1 ps
Block Memory Generator module lstm_tb_ctxt_convert.UUT.WEIGHT_BRAM1.inst.native_mem_module.blk_mem_gen_v8_4_2_inst is using a behavioral model for simulation which will not precisely model memory collision behavior.
Block Memory Generator module lstm_tb_ctxt_convert.UUT.WEIGHT_BRAM2.inst.native_mem_module.blk_mem_gen_v8_4_2_inst is using a behavioral model for simulation which will not precisely model memory collision behavior.
Block Memory Generator module lstm_tb_ctxt_convert.UUT.BIAS_BRAM.inst.native_mem_module.blk_mem_gen_v8_4_2_inst is using a behavioral model for simulation which will not precisely model memory collision behavior.
Block Memory Generator module lstm_tb_ctxt_convert.UUT.Branch_Wbram[0].u_Branch_Wbram.inst.native_mem_module.blk_mem_gen_v8_4_2_inst is using a behavioral model for simulation which will not precisely model memory collision behavior.
Block Memory Generator module lstm_tb_ctxt_convert.UUT.Branch_Wbram[1].u_Branch_Wbram.inst.native_mem_module.blk_mem_gen_v8_4_2_inst is using a behavioral model for simulation which will not precisely model memory collision behavior.
Block Memory Generator module lstm_tb_ctxt_convert.UUT.Branch_Wbram[2].u_Branch_Wbram.inst.native_mem_module.blk_mem_gen_v8_4_2_inst is using a behavioral model for simulation which will not precisely model memory collision behavior.
Block Memory Generator module lstm_tb_ctxt_convert.UUT.Branch_Wbram[3].u_Branch_Wbram.inst.native_mem_module.blk_mem_gen_v8_4_2_inst is using a behavioral model for simulation which will not precisely model memory collision behavior.
test          0 is passed

test          1 is passed

test          2 is passed

test          3 is passed

test          4 is passed

test          5 is passed

test          6 is passed

test          7 is passed

test          8 is passed

test          9 is passed

test          0 is passed

test          1 is passed

test          2 is passed

$finish called at time : 358445 ns : File "C:/Users/User/Desktop/LSTM_IOT_SEC/src/tb/overall/lstm_tb_ctxt_convert_5.13.v" Line 404
