INFO: [VRFC 10-2263] Analyzing Verilog file "C:/Users/ECE/Desktop/LSTM_IOT_SEC/src/verilog/Quantization Modules_2/B_BQS_2.v" into library xil_defaultlib
INFO: [VRFC 10-311] analyzing module B_BQS
INFO: [VRFC 10-2263] Analyzing Verilog file "C:/Users/ECE/Desktop/LSTM_IOT_SEC/src/verilog/Quantization Modules_2/B_BQT_2.v" into library xil_defaultlib
INFO: [VRFC 10-311] analyzing module B_BQT
INFO: [VRFC 10-2263] Analyzing Verilog file "C:/Users/ECE/Desktop/LSTM_IOT_SEC/src/verilog/Quantization Modules_2/B_MAQ_2.v" into library xil_defaultlib
INFO: [VRFC 10-311] analyzing module B_MAQ
INFO: [VRFC 10-2263] Analyzing Verilog file "C:/Users/ECE/Desktop/LSTM_IOT_SEC/src/verilog/Quantization Modules_2/B_TMQ_2.v" into library xil_defaultlib
INFO: [VRFC 10-311] analyzing module B_TMQ
INFO: [VRFC 10-2263] Analyzing Verilog file "C:/Users/ECE/Desktop/LSTM_IOT_SEC/src/verilog/Quantization Modules_2/CONVERT_Ct_2.v" into library xil_defaultlib
INFO: [VRFC 10-311] analyzing module CONVERT_Ct
INFO: [VRFC 10-2263] Analyzing Verilog file "C:/Users/ECE/Desktop/LSTM_IOT_SEC/src/verilog/Quantization Modules_2/CONVERT_Ht_2.v" into library xil_defaultlib
INFO: [VRFC 10-311] analyzing module CONVERT_Ht
INFO: [VRFC 10-2263] Analyzing Verilog file "C:/Users/ECE/Desktop/LSTM_IOT_SEC/src/verilog/Quantization Modules_2/S_BQS_2.v" into library xil_defaultlib
INFO: [VRFC 10-311] analyzing module S_BQS
INFO: [VRFC 10-2263] Analyzing Verilog file "C:/Users/ECE/Desktop/LSTM_IOT_SEC/src/verilog/Quantization Modules_2/S_BQT_2.v" into library xil_defaultlib
INFO: [VRFC 10-311] analyzing module S_BQT
INFO: [VRFC 10-2263] Analyzing Verilog file "C:/Users/ECE/Desktop/LSTM_IOT_SEC/src/verilog/Quantization Modules_2/S_MAQ_2.v" into library xil_defaultlib
INFO: [VRFC 10-311] analyzing module S_MAQ
INFO: [VRFC 10-2263] Analyzing Verilog file "C:/Users/ECE/Desktop/LSTM_IOT_SEC/src/verilog/Quantization Modules_2/S_TMQ_2.v" into library xil_defaultlib
INFO: [VRFC 10-311] analyzing module S_TMQ
INFO: [VRFC 10-2263] Analyzing Verilog file "C:/Users/ECE/Desktop/LSTM_IOT_SEC/src/verilog/lstm_2_innerproduct_2_modulized.v" into library xil_defaultlib
INFO: [VRFC 10-311] analyzing module LSTM
INFO: [VRFC 10-2458] undeclared symbol inpdt_Rtemp1_reg1, assumed default net type wire [C:/Users/ECE/Desktop/LSTM_IOT_SEC/src/verilog/lstm_2_innerproduct_2_modulized.v:370]
INFO: [VRFC 10-2458] undeclared symbol inpdt_Rtemp1_reg2, assumed default net type wire [C:/Users/ECE/Desktop/LSTM_IOT_SEC/src/verilog/lstm_2_innerproduct_2_modulized.v:383]
