#-----------------------------------------------------------
# Vivado v2018.3 (64-bit)
# SW Build 2405991 on Thu Dec  6 23:38:27 MST 2018
# IP Build 2404404 on Fri Dec  7 01:43:56 MST 2018
# Start of session at: Tue May 14 16:47:53 2019
# Process ID: 15152
# Current directory: C:/Users/ECE/Desktop/LSTM_IOT_SEC/project_1
# Command line: vivado.exe -gui_launcher_event rodinguilauncherevent18760 C:\Users\ECE\Desktop\LSTM_IOT_SEC\project_1\project_1.xpr
# Log file: C:/Users/ECE/Desktop/LSTM_IOT_SEC/project_1/vivado.log
# Journal file: C:/Users/ECE/Desktop/LSTM_IOT_SEC/project_1\vivado.jou
#-----------------------------------------------------------
start_gui
open_project C:/Users/ECE/Desktop/LSTM_IOT_SEC/project_1/project_1.xpr
Scanning sources...
Finished scanning sources
INFO: [IP_Flow 19-234] Refreshing IP repositories
INFO: [IP_Flow 19-1704] No user IP repositories specified
INFO: [IP_Flow 19-2313] Loaded Vivado IP repository 'C:/Xilinx/Vivado/2018.3/data/ip'.
open_project: Time (s): cpu = 00:00:14 ; elapsed = 00:00:08 . Memory (MB): peak = 769.488 ; gain = 195.824
update_compile_order -fileset sources_1
launch_simulation
INFO: [Vivado 12-5682] Launching behavioral simulation in 'C:/Users/ECE/Desktop/LSTM_IOT_SEC/project_1/project_1.sim/sim_1/behav/xsim'
INFO: [SIM-utils-51] Simulation object is 'sim_1'
INFO: [SIM-utils-54] Inspecting design source files for 'lstm_tb_ctxt_convert' in fileset 'sim_1'...
INFO: [USF-XSim-97] Finding global include files...
INFO: [USF-XSim-98] Fetching design files from 'sim_1'...
INFO: [USF-XSim-2] XSim::Compile design
INFO: [USF-XSim-61] Executing 'COMPILE and ANALYZE' step in 'C:/Users/ECE/Desktop/LSTM_IOT_SEC/project_1/project_1.sim/sim_1/behav/xsim'
"xvlog --incr --relax -prj lstm_tb_ctxt_convert_vlog.prj"
INFO: [USF-XSim-69] 'compile' step finished in '1' seconds
INFO: [USF-XSim-3] XSim::Elaborate design
INFO: [USF-XSim-61] Executing 'ELABORATE' step in 'C:/Users/ECE/Desktop/LSTM_IOT_SEC/project_1/project_1.sim/sim_1/behav/xsim'
Vivado Simulator 2018.3
Copyright 1986-1999, 2001-2018 Xilinx, Inc. All Rights Reserved.
Running: C:/Xilinx/Vivado/2018.3/bin/unwrapped/win64.o/xelab.exe -wto 94fb33c9514f4a1b864ca541008e68a6 --incr --debug typical --relax --mt 2 -L xil_defaultlib -L unisims_ver -L unimacro_ver -L secureip --snapshot lstm_tb_ctxt_convert_behav xil_defaultlib.lstm_tb_ctxt_convert xil_defaultlib.glbl -log elaborate.log 
Using 2 slave threads.
Starting static elaboration
Completed static elaboration
INFO: [XSIM 43-4323] No Change in HDL. Linking previously generated obj files to create kernel
INFO: [USF-XSim-69] 'elaborate' step finished in '3' seconds
INFO: [USF-XSim-4] XSim::Simulate design
INFO: [USF-XSim-61] Executing 'SIMULATE' step in 'C:/Users/ECE/Desktop/LSTM_IOT_SEC/project_1/project_1.sim/sim_1/behav/xsim'
INFO: [USF-XSim-98] *** Running xsim
   with args "lstm_tb_ctxt_convert_behav -key {Behavioral:sim_1:Functional:lstm_tb_ctxt_convert} -tclbatch {lstm_tb_ctxt_convert.tcl} -view {C:/Users/ECE/Desktop/LSTM_IOT_SEC/project_1/lstm_tb_br_behav.wcfg} -log {simulate.log}"
INFO: [USF-XSim-8] Loading simulator feature
Vivado Simulator 2018.3
Time resolution is 1 ps
open_wave_config C:/Users/ECE/Desktop/LSTM_IOT_SEC/project_1/lstm_tb_br_behav.wcfg
